Flow report for trama
Thu Apr 23 20:00:01 2020
Quartus II 64-Bit Version 15.0.0 Build 145 04/22/2015 Patches 0.01we SJ Web Edition


---------------------
; Table of Contents ;
---------------------
  1. Legal Notice
  2. Flow Summary
  3. Flow Settings
  4. Flow Non-Default Global Settings
  5. Flow Elapsed Time
  6. Flow OS Summary
  7. Flow Log
  8. Flow Messages
  9. Flow Suppressed Messages



----------------
; Legal Notice ;
----------------
Copyright (C) 1991-2015 Altera Corporation. All rights reserved.
Your use of Altera Corporation's design tools, logic functions 
and other software and tools, and its AMPP partner logic 
functions, and any output files from any of the foregoing 
(including device programming or simulation files), and any 
associated documentation or information are expressly subject 
to the terms and conditions of the Altera Program License 
Subscription Agreement, the Altera Quartus II License Agreement,
the Altera MegaCore Function License Agreement, or other 
applicable license agreement, including, without limitation, 
that your use is for the sole purpose of programming logic 
devices manufactured by Altera and sold by Altera or its 
authorized distributors.  Please refer to the applicable 
agreement for further details.



+---------------------------------------------------------------------------------------------+
; Flow Summary                                                                                ;
+---------------------------------+-----------------------------------------------------------+
; Flow Status                     ; Successful - Thu Apr 23 20:00:00 2020                     ;
; Quartus II 64-Bit Version       ; 15.0.0 Build 145 04/22/2015 Patches 0.01we SJ Web Edition ;
; Revision Name                   ; trama                                                     ;
; Top-level Entity Name           ; trama                                                     ;
; Family                          ; Cyclone V                                                 ;
; Device                          ; 5CGXFC7C7F23C8                                            ;
; Timing Models                   ; Final                                                     ;
; Logic utilization (in ALMs)     ; 4 / 56,480 ( < 1 % )                                      ;
; Total registers                 ; 0                                                         ;
; Total pins                      ; 10 / 268 ( 4 % )                                          ;
; Total virtual pins              ; 0                                                         ;
; Total block memory bits         ; 0 / 7,024,640 ( 0 % )                                     ;
; Total DSP Blocks                ; 0 / 156 ( 0 % )                                           ;
; Total HSSI RX PCSs              ; 0 / 6 ( 0 % )                                             ;
; Total HSSI PMA RX Deserializers ; 0 / 6 ( 0 % )                                             ;
; Total HSSI TX PCSs              ; 0 / 6 ( 0 % )                                             ;
; Total HSSI PMA TX Serializers   ; 0 / 6 ( 0 % )                                             ;
; Total PLLs                      ; 0 / 13 ( 0 % )                                            ;
; Total DLLs                      ; 0 / 4 ( 0 % )                                             ;
+---------------------------------+-----------------------------------------------------------+


+-----------------------------------------+
; Flow Settings                           ;
+-------------------+---------------------+
; Option            ; Setting             ;
+-------------------+---------------------+
; Start date & time ; 04/23/2020 19:53:39 ;
; Main task         ; Compilation         ;
; Revision Name     ; trama               ;
+-------------------+---------------------+


+----------------------------------------------------------------------------------------------------------------------------+
; Flow Non-Default Global Settings                                                                                           ;
+-------------------------------------+---------------------------------------+---------------+-------------+----------------+
; Assignment Name                     ; Value                                 ; Default Value ; Entity Name ; Section Id     ;
+-------------------------------------+---------------------------------------+---------------+-------------+----------------+
; COMPILER_SIGNATURE_ID               ; 237841982397696.158766801804728       ; --            ; --          ; --             ;
; EDA_OUTPUT_DATA_FORMAT              ; Vhdl                                  ; --            ; --          ; eda_simulation ;
; EDA_SIMULATION_TOOL                 ; ModelSim-Altera (VHDL)                ; <None>        ; --          ; --             ;
; MAX_CORE_JUNCTION_TEMP              ; 85                                    ; --            ; --          ; --             ;
; MIN_CORE_JUNCTION_TEMP              ; 0                                     ; --            ; --          ; --             ;
; PARTITION_COLOR                     ; 16764057                              ; --            ; --          ; Top            ;
; PARTITION_FITTER_PRESERVATION_LEVEL ; PLACEMENT_AND_ROUTING                 ; --            ; --          ; Top            ;
; PARTITION_NETLIST_TYPE              ; SOURCE                                ; --            ; --          ; Top            ;
; POWER_BOARD_THERMAL_MODEL           ; None (CONSERVATIVE)                   ; --            ; --          ; --             ;
; POWER_PRESET_COOLING_SOLUTION       ; 23 MM HEAT SINK WITH 200 LFPM AIRFLOW ; --            ; --          ; --             ;
; PROJECT_OUTPUT_DIRECTORY            ; output_files                          ; --            ; --          ; --             ;
; VHDL_INPUT_VERSION                  ; VHDL_2008                             ; VHDL_1993     ; --          ; --             ;
; VHDL_SHOW_LMF_MAPPING_MESSAGES      ; Off                                   ; --            ; --          ; --             ;
+-------------------------------------+---------------------------------------+---------------+-------------+----------------+


+-------------------------------------------------------------------------------------------------------------------------------+
; Flow Elapsed Time                                                                                                             ;
+---------------------------+--------------+-------------------------+---------------------+------------------------------------+
; Module Name               ; Elapsed Time ; Average Processors Used ; Peak Virtual Memory ; Total CPU Time (on all processors) ;
+---------------------------+--------------+-------------------------+---------------------+------------------------------------+
; Analysis & Synthesis      ; 00:00:46     ; 1.0                     ; 4902 MB             ; 00:01:20                           ;
; Fitter                    ; 00:03:21     ; 1.0                     ; 6134 MB             ; 00:03:02                           ;
; Assembler                 ; 00:01:10     ; 1.0                     ; 4873 MB             ; 00:00:59                           ;
; TimeQuest Timing Analyzer ; 00:00:33     ; 1.0                     ; 5195 MB             ; 00:00:27                           ;
; EDA Netlist Writer        ; 00:00:08     ; 1.0                     ; 4783 MB             ; 00:00:06                           ;
; Total                     ; 00:05:58     ; --                      ; --                  ; 00:05:54                           ;
+---------------------------+--------------+-------------------------+---------------------+------------------------------------+


+----------------------------------------------------------------------------------------+
; Flow OS Summary                                                                        ;
+---------------------------+------------------+-----------+------------+----------------+
; Module Name               ; Machine Hostname ; OS Name   ; OS Version ; Processor type ;
+---------------------------+------------------+-----------+------------+----------------+
; Analysis & Synthesis      ; RASO-LAPTOP      ; Windows 7 ; 6.2        ; x86_64         ;
; Fitter                    ; RASO-LAPTOP      ; Windows 7 ; 6.2        ; x86_64         ;
; Assembler                 ; RASO-LAPTOP      ; Windows 7 ; 6.2        ; x86_64         ;
; TimeQuest Timing Analyzer ; RASO-LAPTOP      ; Windows 7 ; 6.2        ; x86_64         ;
; EDA Netlist Writer        ; RASO-LAPTOP      ; Windows 7 ; 6.2        ; x86_64         ;
+---------------------------+------------------+-----------+------------+----------------+


------------
; Flow Log ;
------------
quartus_map --read_settings_files=on --write_settings_files=off trama -c trama
quartus_fit --read_settings_files=off --write_settings_files=off trama -c trama
quartus_asm --read_settings_files=off --write_settings_files=off trama -c trama
quartus_sta trama -c trama
quartus_eda --read_settings_files=off --write_settings_files=off trama -c trama



