Flow report for mooreReconfiguravel
Thu May 28 18:53:30 2020
Quartus II 64-Bit Version 15.0.0 Build 145 04/22/2015 Patches 0.01we SJ Web Edition


---------------------
; Table of Contents ;
---------------------
  1. Legal Notice
  2. Flow Summary
  3. Flow Settings
  4. Flow Non-Default Global Settings
  5. Flow Elapsed Time
  6. Flow OS Summary
  7. Flow Log
  8. Flow Messages
  9. Flow Suppressed Messages



----------------
; Legal Notice ;
----------------
Copyright (C) 1991-2015 Altera Corporation. All rights reserved.
Your use of Altera Corporation's design tools, logic functions 
and other software and tools, and its AMPP partner logic 
functions, and any output files from any of the foregoing 
(including device programming or simulation files), and any 
associated documentation or information are expressly subject 
to the terms and conditions of the Altera Program License 
Subscription Agreement, the Altera Quartus II License Agreement,
the Altera MegaCore Function License Agreement, or other 
applicable license agreement, including, without limitation, 
that your use is for the sole purpose of programming logic 
devices manufactured by Altera and sold by Altera or its 
authorized distributors.  Please refer to the applicable 
agreement for further details.



+---------------------------------------------------------------------------------------------+
; Flow Summary                                                                                ;
+---------------------------------+-----------------------------------------------------------+
; Flow Status                     ; Successful - Thu May 28 18:53:30 2020                     ;
; Quartus II 64-Bit Version       ; 15.0.0 Build 145 04/22/2015 Patches 0.01we SJ Web Edition ;
; Revision Name                   ; mooreReconfiguravel                                       ;
; Top-level Entity Name           ; mooreReconfiguravel                                       ;
; Family                          ; Cyclone V                                                 ;
; Device                          ; 5CGXFC7C7F23C8                                            ;
; Timing Models                   ; Final                                                     ;
; Logic utilization (in ALMs)     ; 6 / 56,480 ( < 1 % )                                      ;
; Total registers                 ; 3                                                         ;
; Total pins                      ; 6 / 268 ( 2 % )                                           ;
; Total virtual pins              ; 0                                                         ;
; Total block memory bits         ; 0 / 7,024,640 ( 0 % )                                     ;
; Total DSP Blocks                ; 0 / 156 ( 0 % )                                           ;
; Total HSSI RX PCSs              ; 0 / 6 ( 0 % )                                             ;
; Total HSSI PMA RX Deserializers ; 0 / 6 ( 0 % )                                             ;
; Total HSSI TX PCSs              ; 0 / 6 ( 0 % )                                             ;
; Total HSSI PMA TX Serializers   ; 0 / 6 ( 0 % )                                             ;
; Total PLLs                      ; 0 / 13 ( 0 % )                                            ;
; Total DLLs                      ; 0 / 4 ( 0 % )                                             ;
+---------------------------------+-----------------------------------------------------------+


+-----------------------------------------+
; Flow Settings                           ;
+-------------------+---------------------+
; Option            ; Setting             ;
+-------------------+---------------------+
; Start date & time ; 05/28/2020 18:32:04 ;
; Main task         ; Compilation         ;
; Revision Name     ; mooreReconfiguravel ;
+-------------------+---------------------+


+----------------------------------------------------------------------------------------------------------------------+
; Flow Non-Default Global Settings                                                                                     ;
+-------------------------------------+---------------------------------+---------------+-------------+----------------+
; Assignment Name                     ; Value                           ; Default Value ; Entity Name ; Section Id     ;
+-------------------------------------+---------------------------------+---------------+-------------+----------------+
; COMPILER_SIGNATURE_ID               ; 237841982397696.159068712318404 ; --            ; --          ; --             ;
; EDA_OUTPUT_DATA_FORMAT              ; Vhdl                            ; --            ; --          ; eda_simulation ;
; EDA_SIMULATION_TOOL                 ; ModelSim-Altera (VHDL)          ; <None>        ; --          ; --             ;
; PARTITION_COLOR                     ; 16764057                        ; --            ; --          ; Top            ;
; PARTITION_FITTER_PRESERVATION_LEVEL ; PLACEMENT_AND_ROUTING           ; --            ; --          ; Top            ;
; PARTITION_NETLIST_TYPE              ; SOURCE                          ; --            ; --          ; Top            ;
; PROJECT_OUTPUT_DIRECTORY            ; output_files                    ; --            ; --          ; --             ;
+-------------------------------------+---------------------------------+---------------+-------------+----------------+


+-------------------------------------------------------------------------------------------------------------------------------+
; Flow Elapsed Time                                                                                                             ;
+---------------------------+--------------+-------------------------+---------------------+------------------------------------+
; Module Name               ; Elapsed Time ; Average Processors Used ; Peak Virtual Memory ; Total CPU Time (on all processors) ;
+---------------------------+--------------+-------------------------+---------------------+------------------------------------+
; Analysis & Synthesis      ; 00:00:31     ; 1.0                     ; 4899 MB             ; 00:01:03                           ;
; Fitter                    ; 00:01:42     ; 1.0                     ; 6262 MB             ; 00:01:46                           ;
; Assembler                 ; 00:00:27     ; 1.0                     ; 4871 MB             ; 00:00:26                           ;
; TimeQuest Timing Analyzer ; 00:00:15     ; 1.0                     ; 5158 MB             ; 00:00:13                           ;
; EDA Netlist Writer        ; 00:00:03     ; 1.0                     ; 4783 MB             ; 00:00:03                           ;
; EDA Netlist Writer        ; 00:00:03     ; 1.0                     ; 4769 MB             ; 00:00:03                           ;
; EDA Netlist Writer        ; 00:00:03     ; 1.0                     ; 4773 MB             ; 00:00:03                           ;
; EDA Netlist Writer        ; 00:00:03     ; 1.0                     ; 4769 MB             ; 00:00:03                           ;
; EDA Netlist Writer        ; 00:00:03     ; 1.0                     ; 4773 MB             ; 00:00:03                           ;
; EDA Netlist Writer        ; 00:00:03     ; 1.0                     ; 4769 MB             ; 00:00:03                           ;
; EDA Netlist Writer        ; 00:00:04     ; 1.0                     ; 4773 MB             ; 00:00:03                           ;
; Total                     ; 00:03:17     ; --                      ; --                  ; 00:03:49                           ;
+---------------------------+--------------+-------------------------+---------------------+------------------------------------+


+----------------------------------------------------------------------------------------+
; Flow OS Summary                                                                        ;
+---------------------------+------------------+-----------+------------+----------------+
; Module Name               ; Machine Hostname ; OS Name   ; OS Version ; Processor type ;
+---------------------------+------------------+-----------+------------+----------------+
; Analysis & Synthesis      ; RASO-LAPTOP      ; Windows 7 ; 6.2        ; x86_64         ;
; Fitter                    ; RASO-LAPTOP      ; Windows 7 ; 6.2        ; x86_64         ;
; Assembler                 ; RASO-LAPTOP      ; Windows 7 ; 6.2        ; x86_64         ;
; TimeQuest Timing Analyzer ; RASO-LAPTOP      ; Windows 7 ; 6.2        ; x86_64         ;
; EDA Netlist Writer        ; RASO-LAPTOP      ; Windows 7 ; 6.2        ; x86_64         ;
; EDA Netlist Writer        ; RASO-LAPTOP      ; Windows 7 ; 6.2        ; x86_64         ;
; EDA Netlist Writer        ; RASO-LAPTOP      ; Windows 7 ; 6.2        ; x86_64         ;
; EDA Netlist Writer        ; RASO-LAPTOP      ; Windows 7 ; 6.2        ; x86_64         ;
; EDA Netlist Writer        ; RASO-LAPTOP      ; Windows 7 ; 6.2        ; x86_64         ;
; EDA Netlist Writer        ; RASO-LAPTOP      ; Windows 7 ; 6.2        ; x86_64         ;
; EDA Netlist Writer        ; RASO-LAPTOP      ; Windows 7 ; 6.2        ; x86_64         ;
+---------------------------+------------------+-----------+------------+----------------+


------------
; Flow Log ;
------------
quartus_map --read_settings_files=on --write_settings_files=off mooreReconfiguravel -c mooreReconfiguravel
quartus_fit --read_settings_files=off --write_settings_files=off mooreReconfiguravel -c mooreReconfiguravel
quartus_asm --read_settings_files=off --write_settings_files=off mooreReconfiguravel -c mooreReconfiguravel
quartus_sta mooreReconfiguravel -c mooreReconfiguravel
quartus_eda --read_settings_files=off --write_settings_files=off mooreReconfiguravel -c mooreReconfiguravel
quartus_eda --gen_testbench --check_outputs=on --tool=modelsim_oem --format=verilog --write_settings_files=off mooreReconfiguravel -c mooreReconfiguravel --vector_source=C:/altera/15.0/PSD_Exercicios/mooreReconfiguravel/Waveform.vwf --testbench_file=C:/altera/15.0/PSD_Exercicios/mooreReconfiguravel/simulation/qsim/Waveform.vwf.vt
quartus_eda --write_settings_files=off --functional=on --flatten_buses=off --simulation=on --tool=modelsim_oem --format=verilog --output_directory=C:/altera/15.0/PSD_Exercicios/mooreReconfiguravel/simulation/qsim/ mooreReconfiguravel -c mooreReconfiguravel
quartus_eda --gen_testbench --check_outputs=on --tool=modelsim_oem --format=verilog --write_settings_files=off mooreReconfiguravel -c mooreReconfiguravel --vector_source=C:/altera/15.0/PSD_Exercicios/mooreReconfiguravel/Waveform.vwf --testbench_file=C:/altera/15.0/PSD_Exercicios/mooreReconfiguravel/simulation/qsim/Waveform.vwf.vt
quartus_eda --write_settings_files=off --functional=on --flatten_buses=off --simulation=on --tool=modelsim_oem --format=verilog --output_directory=C:/altera/15.0/PSD_Exercicios/mooreReconfiguravel/simulation/qsim/ mooreReconfiguravel -c mooreReconfiguravel
quartus_eda --gen_testbench --check_outputs=on --tool=modelsim_oem --format=verilog --write_settings_files=off mooreReconfiguravel -c mooreReconfiguravel --vector_source=C:/altera/15.0/PSD_Exercicios/mooreReconfiguravel/Waveform.vwf --testbench_file=C:/altera/15.0/PSD_Exercicios/mooreReconfiguravel/simulation/qsim/Waveform.vwf.vt
quartus_eda --write_settings_files=off --functional=on --flatten_buses=off --simulation=on --tool=modelsim_oem --format=verilog --output_directory=C:/altera/15.0/PSD_Exercicios/mooreReconfiguravel/simulation/qsim/ mooreReconfiguravel -c mooreReconfiguravel



